Using pre-set license
Built from '2020.2/release' branch; Version is '2020.2.2f1 (068178b99f32) revision 426360'; Using compiler version '192528614'; Build Type 'Release'
OS: 'Windows 10 Pro; OS build 19042.985; Version 2009; 64bit' Language: 'en' Physical Memory: 32704 MB
BatchMode: 1, IsHumanControllingUs: 0, StartBugReporterOnCrash: 0, Is64bit: 1, IsPro: 0

 COMMAND LINE ARGUMENTS:
C:\Program Files\Unity\Hub\Editor\2020.2.2f1\Editor\Unity.exe
-adb2
-batchMode
-noUpm
-name
AssetImportWorker0
-projectPath
F:/Unity Projects/A.I-Unity-Pathfinding-Assessment
-logFile
Logs/AssetImportWorker0.log
-srvPort
58412
Successfully changed project path to: F:/Unity Projects/A.I-Unity-Pathfinding-Assessment
F:/Unity Projects/A.I-Unity-Pathfinding-Assessment
Using Asset Import Pipeline V2.
Setting a NavMeshArea cost less than one can give unexpected results.

Refreshing native plugins compatible for Editor in 29.16 ms, found 0 plugins.
Preloading 0 native plugins for Editor in 0.00 ms.
Initialize engine version: 2020.2.2f1 (068178b99f32)
[Subsystems] Discovering subsystems at path C:/Program Files/Unity/Hub/Editor/2020.2.2f1/Editor/Data/Resources/UnitySubsystems
[Subsystems] Discovering subsystems at path F:/Unity Projects/A.I-Unity-Pathfinding-Assessment/Assets
GfxDevice: creating device client; threaded=0
Direct3D:
    Version:  Direct3D 11.0 [level 11.1]
    Renderer: NVIDIA GeForce RTX 3080 (ID=0x2206)
    Vendor:   
    VRAM:     10078 MB
    Driver:   27.21.14.6611
Initialize mono
Mono path[0] = 'C:/Program Files/Unity/Hub/Editor/2020.2.2f1/Editor/Data/Managed'
Mono path[1] = 'C:/Program Files/Unity/Hub/Editor/2020.2.2f1/Editor/Data/MonoBleedingEdge/lib/mono/unityjit'
Mono config path = 'C:/Program Files/Unity/Hub/Editor/2020.2.2f1/Editor/Data/MonoBleedingEdge/etc'
Using monoOptions --debugger-agent=transport=dt_socket,embedding=1,server=y,suspend=n,address=127.0.0.1:56660
Begin MonoManager ReloadAssembly
Registering precompiled unity dll's ...
Register platform support module: C:/Program Files/Unity/Hub/Editor/2020.2.2f1/Editor/Data/PlaybackEngines/MacStandaloneSupport/UnityEditor.OSXStandalone.Extensions.dll
Register platform support module: C:/Program Files/Unity/Hub/Editor/2020.2.2f1/Editor/Data/PlaybackEngines/WindowsStandaloneSupport/UnityEditor.WindowsStandalone.Extensions.dll
Register platform support module: C:/Program Files/Unity/Hub/Editor/2020.2.2f1/Editor/Data/PlaybackEngines/LinuxStandaloneSupport/UnityEditor.LinuxStandalone.Extensions.dll
Registered in 0.003066 seconds.
Native extension for LinuxStandalone target not found
Native extension for WindowsStandalone target not found
Native extension for OSXStandalone target not found
Refreshing native plugins compatible for Editor in 27.35 ms, found 0 plugins.
Preloading 0 native plugins for Editor in 0.00 ms.
Invoked RoslynAnalysisRunner static constructor.
RoslynAnalysisRunner will not be running.
RoslynAnalysisRunner has terminated.
Mono: successfully reloaded assembly
- Completed reload, in  2.203 seconds
Platform modules already initialized, skipping
Registering precompiled user dll's ...
Registered in 0.000798 seconds.
Begin MonoManager ReloadAssembly
Native extension for LinuxStandalone target not found
Native extension for WindowsStandalone target not found
Native extension for OSXStandalone target not found
Refreshing native plugins compatible for Editor in 0.24 ms, found 0 plugins.
Preloading 0 native plugins for Editor in 0.00 ms.
Invoked RoslynAnalysisRunner static constructor.
RoslynAnalysisRunner will not be running.
RoslynAnalysisRunner has terminated.
Mono: successfully reloaded assembly
- Completed reload, in  0.889 seconds
Platform modules already initialized, skipping
========================================================================
Worker process is ready to serve import requests
Setting a NavMeshArea cost less than one can give unexpected results.

Launched and connected shader compiler UnityShaderCompiler.exe after 0.06 seconds
Refreshing native plugins compatible for Editor in 0.28 ms, found 0 plugins.
Preloading 0 native plugins for Editor in 0.00 ms.
Unloading 1499 Unused Serialized files (Serialized files now loaded: 0)
System memory in use before: 77.3 MB.
System memory in use after: 77.4 MB.

Unloading 73 unused Assets to reduce memory usage. Loaded Objects now: 1945.
Total: 2.401200 ms (FindLiveObjects: 0.351400 ms CreateObjectMapping: 0.114600 ms MarkObjects: 1.741700 ms  DeleteObjects: 0.192300 ms)

========================================================================
Received Import Request.
  path: Assets/Dependencies/BodyGuards/Meshes/Materials/Screen.mat
  artifactKey: Guid(d96e8d03daef94649bd028f4efd2773f) Importer(815301076,1909f56bfc062723c751e8b465ee728b)
Start importing Assets/Dependencies/BodyGuards/Meshes/Materials/Screen.mat using Guid(d96e8d03daef94649bd028f4efd2773f) Importer(815301076,1909f56bfc062723c751e8b465ee728b)  -> (artifact id: 'b2333300e5611c157793e92a7ac9155f') in 0.133228 seconds
  Import took 0.135763 seconds .

========================================================================
Received Import Request.
  Time since last request: 0.000187 seconds.
  path: Assets/Material/Water.mat
  artifactKey: Guid(2d405f7ffcbd0524c9927a6a17f18f61) Importer(815301076,1909f56bfc062723c751e8b465ee728b)
Start importing Assets/Material/Water.mat using Guid(2d405f7ffcbd0524c9927a6a17f18f61) Importer(815301076,1909f56bfc062723c751e8b465ee728b)  -> (artifact id: '816723efd8b8a73f203ac8483b5e3e4c') in 0.011935 seconds
  Import took 0.049987 seconds .

========================================================================
Received Import Request.
  Time since last request: 0.000215 seconds.
  path: Assets/Dependencies/BodyGuards/Meshes/Materials/Boduguard_02_D.mat
  artifactKey: Guid(6fcd9d698ea07974abf39f90181445d2) Importer(815301076,1909f56bfc062723c751e8b465ee728b)
Start importing Assets/Dependencies/BodyGuards/Meshes/Materials/Boduguard_02_D.mat using Guid(6fcd9d698ea07974abf39f90181445d2) Importer(815301076,1909f56bfc062723c751e8b465ee728b)  -> (artifact id: '97b73c2f792b108561eafbac1c4652c5') in 0.056438 seconds
  Import took 0.067794 seconds .

========================================================================
Received Import Request.
  Time since last request: 0.000222 seconds.
  path: Assets/Dependencies/BodyGuards/Meshes/Materials/Boduguard_03_D.mat
  artifactKey: Guid(1c568156d9d473c42a9182ac94535a12) Importer(815301076,1909f56bfc062723c751e8b465ee728b)
Start importing Assets/Dependencies/BodyGuards/Meshes/Materials/Boduguard_03_D.mat using Guid(1c568156d9d473c42a9182ac94535a12) Importer(815301076,1909f56bfc062723c751e8b465ee728b)  -> (artifact id: '8240c9694d91646f1427f24acaf53b97') in 0.299491 seconds
  Import took 0.320990 seconds .

========================================================================
Received Import Request.
  Time since last request: 0.000183 seconds.
  path: Assets/Dependencies/BodyGuards/Meshes/Materials/Boduguard_01_D.mat
  artifactKey: Guid(27ec51287c78bfb479fe3729111634a4) Importer(815301076,1909f56bfc062723c751e8b465ee728b)
Start importing Assets/Dependencies/BodyGuards/Meshes/Materials/Boduguard_01_D.mat using Guid(27ec51287c78bfb479fe3729111634a4) Importer(815301076,1909f56bfc062723c751e8b465ee728b)  -> (artifact id: '74424e8118542282c4a4cd79a76b7b9e') in 0.024351 seconds
  Import took 0.047791 seconds .

========================================================================
Received Import Request.
  Time since last request: 1083.795555 seconds.
  path: Assets/Handmade Maze/Scripts/PauseMenu.cs
  artifactKey: Guid(5648847f860bbe34e996c398ff082039) Importer(815301076,1909f56bfc062723c751e8b465ee728b)
Start importing Assets/Handmade Maze/Scripts/PauseMenu.cs using Guid(5648847f860bbe34e996c398ff082039) Importer(815301076,1909f56bfc062723c751e8b465ee728b)  -> (artifact id: '6b204a6f21923ac265e2ba2211367ab0') in 0.009948 seconds
  Import took 0.013489 seconds .

========================================================================
Received Prepare
Setting a NavMeshArea cost less than one can give unexpected results.

Registering precompiled user dll's ...
Registered in 0.000897 seconds.
Begin MonoManager ReloadAssembly
Native extension for LinuxStandalone target not found
Native extension for WindowsStandalone target not found
Native extension for OSXStandalone target not found
Refreshing native plugins compatible for Editor in 0.30 ms, found 0 plugins.
Preloading 0 native plugins for Editor in 0.00 ms.
Warning: Annotation not found!
UnityEngine.StackTraceUtility:ExtractStackTrace ()
UnityEditor.ProBuilder.EditorUtility:SetGizmoIconEnabled (System.Type,bool) (at Library/PackageCache/com.unity.probuilder@4.4.0/Editor/EditorCore/EditorUtility.cs:593)
UnityEditor.ProBuilder.HierarchyListener:.cctor () (at Library/PackageCache/com.unity.probuilder@4.4.0/Editor/EditorCore/HierarchyListener.cs:21)
System.Runtime.CompilerServices.RuntimeHelpers:RunClassConstructor (System.RuntimeTypeHandle)
UnityEditor.EditorAssemblies:ProcessInitializeOnLoadAttributes (System.Type[])

[Library/PackageCache/com.unity.probuilder@4.4.0/Editor/EditorCore/EditorUtility.cs line 593]

Invoked RoslynAnalysisRunner static constructor.
RoslynAnalysisRunner will not be running.
RoslynAnalysisRunner has terminated.
Mono: successfully reloaded assembly
- Completed reload, in  1.428 seconds
Platform modules already initialized, skipping
Refreshing native plugins compatible for Editor in 0.25 ms, found 0 plugins.
Preloading 0 native plugins for Editor in 0.00 ms.
Unloading 1448 Unused Serialized files (Serialized files now loaded: 0)
System memory in use before: 77.7 MB.
System memory in use after: 77.8 MB.

Unloading 4 unused Assets to reduce memory usage. Loaded Objects now: 1987.
Total: 2.017000 ms (FindLiveObjects: 0.150000 ms CreateObjectMapping: 0.048800 ms MarkObjects: 1.800700 ms  DeleteObjects: 0.016700 ms)

========================================================================
Received Prepare
Setting a NavMeshArea cost less than one can give unexpected results.

Refreshing native plugins compatible for Editor in 0.78 ms, found 0 plugins.
Preloading 0 native plugins for Editor in 0.00 ms.
Unloading 2 Unused Serialized files (Serialized files now loaded: 0)
System memory in use before: 49.1 MB.
System memory in use after: 49.2 MB.

Unloading 2 unused Assets to reduce memory usage. Loaded Objects now: 1987.
Total: 2.371900 ms (FindLiveObjects: 0.304700 ms CreateObjectMapping: 0.066600 ms MarkObjects: 1.984100 ms  DeleteObjects: 0.015000 ms)

========================================================================
Received Prepare
Setting a NavMeshArea cost less than one can give unexpected results.

Refreshing native plugins compatible for Editor in 0.68 ms, found 0 plugins.
Preloading 0 native plugins for Editor in 0.00 ms.
Unloading 2 Unused Serialized files (Serialized files now loaded: 0)
System memory in use before: 49.1 MB.
System memory in use after: 49.2 MB.

Unloading 2 unused Assets to reduce memory usage. Loaded Objects now: 1987.
Total: 2.512500 ms (FindLiveObjects: 0.158200 ms CreateObjectMapping: 0.043800 ms MarkObjects: 2.294400 ms  DeleteObjects: 0.014200 ms)

========================================================================
Received Prepare
Setting a NavMeshArea cost less than one can give unexpected results.

Refreshing native plugins compatible for Editor in 0.84 ms, found 0 plugins.
Preloading 0 native plugins for Editor in 0.00 ms.
Unloading 2 Unused Serialized files (Serialized files now loaded: 0)
System memory in use before: 49.1 MB.
System memory in use after: 49.2 MB.

Unloading 2 unused Assets to reduce memory usage. Loaded Objects now: 1987.
Total: 2.912300 ms (FindLiveObjects: 0.176900 ms CreateObjectMapping: 0.056100 ms MarkObjects: 2.662100 ms  DeleteObjects: 0.015100 ms)

========================================================================
Received Prepare
Setting a NavMeshArea cost less than one can give unexpected results.

Refreshing native plugins compatible for Editor in 0.64 ms, found 0 plugins.
Preloading 0 native plugins for Editor in 0.00 ms.
Unloading 2 Unused Serialized files (Serialized files now loaded: 0)
System memory in use before: 49.1 MB.
System memory in use after: 49.2 MB.

Unloading 2 unused Assets to reduce memory usage. Loaded Objects now: 1987.
Total: 2.303600 ms (FindLiveObjects: 0.152300 ms CreateObjectMapping: 0.044300 ms MarkObjects: 2.094400 ms  DeleteObjects: 0.011200 ms)

========================================================================
Received Prepare
Setting a NavMeshArea cost less than one can give unexpected results.

Registering precompiled user dll's ...
Registered in 0.000696 seconds.
Begin MonoManager ReloadAssembly
Native extension for LinuxStandalone target not found
Native extension for WindowsStandalone target not found
Native extension for OSXStandalone target not found
Refreshing native plugins compatible for Editor in 0.24 ms, found 0 plugins.
Preloading 0 native plugins for Editor in 0.00 ms.
Warning: Annotation not found!
UnityEngine.StackTraceUtility:ExtractStackTrace ()
UnityEditor.ProBuilder.EditorUtility:SetGizmoIconEnabled (System.Type,bool) (at Library/PackageCache/com.unity.probuilder@4.4.0/Editor/EditorCore/EditorUtility.cs:593)
UnityEditor.ProBuilder.HierarchyListener:.cctor () (at Library/PackageCache/com.unity.probuilder@4.4.0/Editor/EditorCore/HierarchyListener.cs:21)
System.Runtime.CompilerServices.RuntimeHelpers:RunClassConstructor (System.RuntimeTypeHandle)
UnityEditor.EditorAssemblies:ProcessInitializeOnLoadAttributes (System.Type[])

[Library/PackageCache/com.unity.probuilder@4.4.0/Editor/EditorCore/EditorUtility.cs line 593]

Invoked RoslynAnalysisRunner static constructor.
RoslynAnalysisRunner will not be running.
RoslynAnalysisRunner has terminated.
Mono: successfully reloaded assembly
- Completed reload, in  0.736 seconds
Platform modules already initialized, skipping
Refreshing native plugins compatible for Editor in 0.25 ms, found 0 plugins.
Preloading 0 native plugins for Editor in 0.00 ms.
Unloading 1448 Unused Serialized files (Serialized files now loaded: 0)
System memory in use before: 77.8 MB.
System memory in use after: 77.9 MB.

Unloading 4 unused Assets to reduce memory usage. Loaded Objects now: 1989.
Total: 2.149200 ms (FindLiveObjects: 0.195600 ms CreateObjectMapping: 0.092600 ms MarkObjects: 1.841300 ms  DeleteObjects: 0.018000 ms)

========================================================================
Received Prepare
Setting a NavMeshArea cost less than one can give unexpected results.

Refreshing native plugins compatible for Editor in 0.82 ms, found 0 plugins.
Preloading 0 native plugins for Editor in 0.00 ms.
Unloading 2 Unused Serialized files (Serialized files now loaded: 0)
System memory in use before: 49.1 MB.
System memory in use after: 49.3 MB.

Unloading 2 unused Assets to reduce memory usage. Loaded Objects now: 1989.
Total: 2.347000 ms (FindLiveObjects: 0.269900 ms CreateObjectMapping: 0.101000 ms MarkObjects: 1.923200 ms  DeleteObjects: 0.051100 ms)

========================================================================
Received Prepare
Setting a NavMeshArea cost less than one can give unexpected results.

Refreshing native plugins compatible for Editor in 0.66 ms, found 0 plugins.
Preloading 0 native plugins for Editor in 0.00 ms.
Unloading 2 Unused Serialized files (Serialized files now loaded: 0)
System memory in use before: 49.1 MB.
System memory in use after: 49.3 MB.

Unloading 2 unused Assets to reduce memory usage. Loaded Objects now: 1989.
Total: 2.230700 ms (FindLiveObjects: 0.180900 ms CreateObjectMapping: 0.053200 ms MarkObjects: 1.983200 ms  DeleteObjects: 0.011800 ms)

========================================================================
Received Prepare
Setting a NavMeshArea cost less than one can give unexpected results.

Refreshing native plugins compatible for Editor in 0.65 ms, found 0 plugins.
Preloading 0 native plugins for Editor in 0.00 ms.
Unloading 2 Unused Serialized files (Serialized files now loaded: 0)
System memory in use before: 49.1 MB.
System memory in use after: 49.2 MB.

Unloading 2 unused Assets to reduce memory usage. Loaded Objects now: 1989.
Total: 2.031800 ms (FindLiveObjects: 0.140800 ms CreateObjectMapping: 0.043300 ms MarkObjects: 1.836600 ms  DeleteObjects: 0.010000 ms)

========================================================================
Received Import Request.
  Time since last request: 5167.616559 seconds.
  path: Assets/Handmade Maze/Scripts/GameManager.cs
  artifactKey: Guid(c60e5170629befe49b71d17455350570) Importer(815301076,1909f56bfc062723c751e8b465ee728b)
Start importing Assets/Handmade Maze/Scripts/GameManager.cs using Guid(c60e5170629befe49b71d17455350570) Importer(815301076,1909f56bfc062723c751e8b465ee728b)  -> (artifact id: 'dd799eaedd6f8b00f32504f2dbaf2dfd') in 0.007153 seconds
  Import took 0.037471 seconds .

========================================================================
Received Prepare
Setting a NavMeshArea cost less than one can give unexpected results.

Registering precompiled user dll's ...
Registered in 0.000674 seconds.
Begin MonoManager ReloadAssembly
Native extension for LinuxStandalone target not found
Native extension for WindowsStandalone target not found
Native extension for OSXStandalone target not found
Refreshing native plugins compatible for Editor in 0.24 ms, found 0 plugins.
Preloading 0 native plugins for Editor in 0.00 ms.
Warning: Annotation not found!
UnityEngine.StackTraceUtility:ExtractStackTrace ()
UnityEditor.ProBuilder.EditorUtility:SetGizmoIconEnabled (System.Type,bool) (at Library/PackageCache/com.unity.probuilder@4.4.0/Editor/EditorCore/EditorUtility.cs:593)
UnityEditor.ProBuilder.HierarchyListener:.cctor () (at Library/PackageCache/com.unity.probuilder@4.4.0/Editor/EditorCore/HierarchyListener.cs:21)
System.Runtime.CompilerServices.RuntimeHelpers:RunClassConstructor (System.RuntimeTypeHandle)
UnityEditor.EditorAssemblies:ProcessInitializeOnLoadAttributes (System.Type[])

[Library/PackageCache/com.unity.probuilder@4.4.0/Editor/EditorCore/EditorUtility.cs line 593]

Invoked RoslynAnalysisRunner static constructor.
RoslynAnalysisRunner will not be running.
RoslynAnalysisRunner has terminated.
Mono: successfully reloaded assembly
- Completed reload, in  0.801 seconds
Platform modules already initialized, skipping
Refreshing native plugins compatible for Editor in 0.29 ms, found 0 plugins.
Preloading 0 native plugins for Editor in 0.00 ms.
Unloading 1449 Unused Serialized files (Serialized files now loaded: 0)
System memory in use before: 77.8 MB.
System memory in use after: 77.9 MB.

Unloading 4 unused Assets to reduce memory usage. Loaded Objects now: 1992.
Total: 3.170900 ms (FindLiveObjects: 0.309300 ms CreateObjectMapping: 0.094500 ms MarkObjects: 2.745100 ms  DeleteObjects: 0.020300 ms)

========================================================================
Received Import Request.
  Time since last request: 43.932002 seconds.
  path: Assets/Handmade Maze/Scripts/GameManager.cs
  artifactKey: Guid(c60e5170629befe49b71d17455350570) Importer(815301076,1909f56bfc062723c751e8b465ee728b)
Start importing Assets/Handmade Maze/Scripts/GameManager.cs using Guid(c60e5170629befe49b71d17455350570) Importer(815301076,1909f56bfc062723c751e8b465ee728b)  -> (artifact id: '2feac120bbf548c44ed8677db78c03d8') in 0.004618 seconds
  Import took 0.019016 seconds .

========================================================================
Received Import Request.
  Time since last request: 0.041500 seconds.
  path: Assets/Handmade Maze/Scripts/GameManager.cs
  artifactKey: Guid(c60e5170629befe49b71d17455350570) Importer(815301076,1909f56bfc062723c751e8b465ee728b)
Start importing Assets/Handmade Maze/Scripts/GameManager.cs using Guid(c60e5170629befe49b71d17455350570) Importer(815301076,1909f56bfc062723c751e8b465ee728b)  -> (artifact id: '2feac120bbf548c44ed8677db78c03d8') in 0.002161 seconds
  Import took 0.005600 seconds .

========================================================================
Received Import Request.
  Time since last request: 301.144036 seconds.
  path: Assets/Handmade Maze/Scripts/GameManager.cs
  artifactKey: Guid(c60e5170629befe49b71d17455350570) Importer(815301076,1909f56bfc062723c751e8b465ee728b)
Start importing Assets/Handmade Maze/Scripts/GameManager.cs using Guid(c60e5170629befe49b71d17455350570) Importer(815301076,1909f56bfc062723c751e8b465ee728b)  -> (artifact id: 'dab2ba647f84f72afb8d63bfbbeb9df9') in 0.002075 seconds
  Import took 0.045794 seconds .

========================================================================
Received Prepare
Setting a NavMeshArea cost less than one can give unexpected results.

Registering precompiled user dll's ...
Registered in 0.000822 seconds.
Begin MonoManager ReloadAssembly
Native extension for LinuxStandalone target not found
Native extension for WindowsStandalone target not found
Native extension for OSXStandalone target not found
Refreshing native plugins compatible for Editor in 0.23 ms, found 0 plugins.
Preloading 0 native plugins for Editor in 0.00 ms.
Warning: Annotation not found!
UnityEngine.StackTraceUtility:ExtractStackTrace ()
UnityEditor.ProBuilder.EditorUtility:SetGizmoIconEnabled (System.Type,bool) (at Library/PackageCache/com.unity.probuilder@4.4.0/Editor/EditorCore/EditorUtility.cs:593)
UnityEditor.ProBuilder.HierarchyListener:.cctor () (at Library/PackageCache/com.unity.probuilder@4.4.0/Editor/EditorCore/HierarchyListener.cs:21)
System.Runtime.CompilerServices.RuntimeHelpers:RunClassConstructor (System.RuntimeTypeHandle)
UnityEditor.EditorAssemblies:ProcessInitializeOnLoadAttributes (System.Type[])

[Library/PackageCache/com.unity.probuilder@4.4.0/Editor/EditorCore/EditorUtility.cs line 593]

Invoked RoslynAnalysisRunner static constructor.
RoslynAnalysisRunner will not be running.
RoslynAnalysisRunner has terminated.
Mono: successfully reloaded assembly
- Completed reload, in  0.770 seconds
Platform modules already initialized, skipping
Refreshing native plugins compatible for Editor in 0.24 ms, found 0 plugins.
Preloading 0 native plugins for Editor in 0.00 ms.
Unloading 1449 Unused Serialized files (Serialized files now loaded: 0)
System memory in use before: 77.8 MB.
System memory in use after: 77.9 MB.

Unloading 4 unused Assets to reduce memory usage. Loaded Objects now: 1994.
Total: 2.297100 ms (FindLiveObjects: 0.217700 ms CreateObjectMapping: 0.041200 ms MarkObjects: 2.022000 ms  DeleteObjects: 0.014900 ms)

========================================================================
Received Prepare
Setting a NavMeshArea cost less than one can give unexpected results.

Refreshing native plugins compatible for Editor in 0.68 ms, found 0 plugins.
Preloading 0 native plugins for Editor in 0.00 ms.
Unloading 2 Unused Serialized files (Serialized files now loaded: 0)
System memory in use before: 49.2 MB.
System memory in use after: 49.3 MB.

Unloading 2 unused Assets to reduce memory usage. Loaded Objects now: 1994.
Total: 1.989300 ms (FindLiveObjects: 0.148100 ms CreateObjectMapping: 0.045200 ms MarkObjects: 1.784100 ms  DeleteObjects: 0.010900 ms)

========================================================================
Received Prepare
Setting a NavMeshArea cost less than one can give unexpected results.

Registering precompiled user dll's ...
Registered in 0.000743 seconds.
Begin MonoManager ReloadAssembly
Native extension for LinuxStandalone target not found
Native extension for WindowsStandalone target not found
Native extension for OSXStandalone target not found
Refreshing native plugins compatible for Editor in 0.23 ms, found 0 plugins.
Preloading 0 native plugins for Editor in 0.00 ms.
Warning: Annotation not found!
UnityEngine.StackTraceUtility:ExtractStackTrace ()
UnityEditor.ProBuilder.EditorUtility:SetGizmoIconEnabled (System.Type,bool) (at Library/PackageCache/com.unity.probuilder@4.4.0/Editor/EditorCore/EditorUtility.cs:593)
UnityEditor.ProBuilder.HierarchyListener:.cctor () (at Library/PackageCache/com.unity.probuilder@4.4.0/Editor/EditorCore/HierarchyListener.cs:21)
System.Runtime.CompilerServices.RuntimeHelpers:RunClassConstructor (System.RuntimeTypeHandle)
UnityEditor.EditorAssemblies:ProcessInitializeOnLoadAttributes (System.Type[])

[Library/PackageCache/com.unity.probuilder@4.4.0/Editor/EditorCore/EditorUtility.cs line 593]

Invoked RoslynAnalysisRunner static constructor.
RoslynAnalysisRunner will not be running.
RoslynAnalysisRunner has terminated.
Mono: successfully reloaded assembly
- Completed reload, in  0.725 seconds
Platform modules already initialized, skipping
Refreshing native plugins compatible for Editor in 0.25 ms, found 0 plugins.
Preloading 0 native plugins for Editor in 0.00 ms.
Unloading 1449 Unused Serialized files (Serialized files now loaded: 0)
System memory in use before: 77.8 MB.
System memory in use after: 77.9 MB.

Unloading 4 unused Assets to reduce memory usage. Loaded Objects now: 1996.
Total: 1.825800 ms (FindLiveObjects: 0.147800 ms CreateObjectMapping: 0.040700 ms MarkObjects: 1.623300 ms  DeleteObjects: 0.013100 ms)

========================================================================
Received Prepare
Setting a NavMeshArea cost less than one can give unexpected results.

Refreshing native plugins compatible for Editor in 0.69 ms, found 0 plugins.
Preloading 0 native plugins for Editor in 0.00 ms.
Unloading 2 Unused Serialized files (Serialized files now loaded: 0)
System memory in use before: 49.2 MB.
System memory in use after: 49.3 MB.

Unloading 2 unused Assets to reduce memory usage. Loaded Objects now: 1996.
Total: 2.697000 ms (FindLiveObjects: 0.346200 ms CreateObjectMapping: 0.093800 ms MarkObjects: 2.244900 ms  DeleteObjects: 0.010500 ms)

AssetImportWorkerClient::OnTransportError - code=2 error=End of file
