Using pre-set license
Built from '2020.2/release' branch; Version is '2020.2.2f1 (068178b99f32) revision 426360'; Using compiler version '192528614'; Build Type 'Release'
OS: 'Windows 10 Pro; OS build 19042.1052; Version 2009; 64bit' Language: 'en' Physical Memory: 32704 MB
BatchMode: 1, IsHumanControllingUs: 0, StartBugReporterOnCrash: 0, Is64bit: 1, IsPro: 0

 COMMAND LINE ARGUMENTS:
C:\Program Files\Unity\Hub\Editor\2020.2.2f1\Editor\Unity.exe
-adb2
-batchMode
-noUpm
-name
AssetImportWorker1
-projectPath
F:/Unity Projects/Smart-A.I-TAFEX
-logFile
Logs/AssetImportWorker1.log
-srvPort
53620
Successfully changed project path to: F:/Unity Projects/Smart-A.I-TAFEX
F:/Unity Projects/Smart-A.I-TAFEX
Using Asset Import Pipeline V2.
Setting a NavMeshArea cost less than one can give unexpected results.

Refreshing native plugins compatible for Editor in 36.16 ms, found 0 plugins.
Preloading 0 native plugins for Editor in 0.00 ms.
Initialize engine version: 2020.2.2f1 (068178b99f32)
[Subsystems] Discovering subsystems at path C:/Program Files/Unity/Hub/Editor/2020.2.2f1/Editor/Data/Resources/UnitySubsystems
[Subsystems] Discovering subsystems at path F:/Unity Projects/Smart-A.I-TAFEX/Assets
GfxDevice: creating device client; threaded=0
Direct3D:
    Version:  Direct3D 11.0 [level 11.1]
    Renderer: NVIDIA GeForce RTX 3080 (ID=0x2206)
    Vendor:   
    VRAM:     10078 MB
    Driver:   27.21.14.6611
Initialize mono
Mono path[0] = 'C:/Program Files/Unity/Hub/Editor/2020.2.2f1/Editor/Data/Managed'
Mono path[1] = 'C:/Program Files/Unity/Hub/Editor/2020.2.2f1/Editor/Data/MonoBleedingEdge/lib/mono/unityjit'
Mono config path = 'C:/Program Files/Unity/Hub/Editor/2020.2.2f1/Editor/Data/MonoBleedingEdge/etc'
Using monoOptions --debugger-agent=transport=dt_socket,embedding=1,server=y,suspend=n,address=127.0.0.1:56172
Begin MonoManager ReloadAssembly
Registering precompiled unity dll's ...
Register platform support module: C:/Program Files/Unity/Hub/Editor/2020.2.2f1/Editor/Data/PlaybackEngines/MacStandaloneSupport/UnityEditor.OSXStandalone.Extensions.dll
Register platform support module: C:/Program Files/Unity/Hub/Editor/2020.2.2f1/Editor/Data/PlaybackEngines/WindowsStandaloneSupport/UnityEditor.WindowsStandalone.Extensions.dll
Register platform support module: C:/Program Files/Unity/Hub/Editor/2020.2.2f1/Editor/Data/PlaybackEngines/LinuxStandaloneSupport/UnityEditor.LinuxStandalone.Extensions.dll
Registered in 0.002624 seconds.
Native extension for LinuxStandalone target not found
Native extension for WindowsStandalone target not found
Native extension for OSXStandalone target not found
Refreshing native plugins compatible for Editor in 25.82 ms, found 0 plugins.
Preloading 0 native plugins for Editor in 0.00 ms.
Invoked RoslynAnalysisRunner static constructor.
RoslynAnalysisRunner will not be running.
RoslynAnalysisRunner has terminated.
Mono: successfully reloaded assembly
- Completed reload, in  2.084 seconds
Platform modules already initialized, skipping
Registering precompiled user dll's ...
Registered in 0.000643 seconds.
Begin MonoManager ReloadAssembly
Native extension for LinuxStandalone target not found
Native extension for WindowsStandalone target not found
Native extension for OSXStandalone target not found
Refreshing native plugins compatible for Editor in 0.29 ms, found 0 plugins.
Preloading 0 native plugins for Editor in 0.00 ms.
Invoked RoslynAnalysisRunner static constructor.
RoslynAnalysisRunner will not be running.
RoslynAnalysisRunner has terminated.
Mono: successfully reloaded assembly
- Completed reload, in  2.230 seconds
Platform modules already initialized, skipping
========================================================================
Worker process is ready to serve import requests
Setting a NavMeshArea cost less than one can give unexpected results.

Launched and connected shader compiler UnityShaderCompiler.exe after 0.05 seconds
Refreshing native plugins compatible for Editor in 0.40 ms, found 0 plugins.
Preloading 0 native plugins for Editor in 0.00 ms.
Unloading 1508 Unused Serialized files (Serialized files now loaded: 0)
System memory in use before: 79.4 MB.
System memory in use after: 79.5 MB.

Unloading 73 unused Assets to reduce memory usage. Loaded Objects now: 1956.
Total: 2.363200 ms (FindLiveObjects: 0.498500 ms CreateObjectMapping: 0.171300 ms MarkObjects: 1.489300 ms  DeleteObjects: 0.203300 ms)

========================================================================
Received Import Request.
  path: Assets/Handmade Maze/Scripts/A.I Scripting/AIBehaviours.cs
  artifactKey: Guid(01ca8575af373324980ad528ddfe0d73) Importer(815301076,1909f56bfc062723c751e8b465ee728b)
Start importing Assets/Handmade Maze/Scripts/A.I Scripting/AIBehaviours.cs using Guid(01ca8575af373324980ad528ddfe0d73) Importer(815301076,1909f56bfc062723c751e8b465ee728b)  -> (artifact id: '96a2b4ada31cb974d384d660e4bafdbc') in 0.039943 seconds
  Import took 0.061807 seconds .

========================================================================
Received Import Request.
  Time since last request: 608.215290 seconds.
  path: Assets/Handmade Maze/Scripts/A.I Scripting/AIBehaviours.cs
  artifactKey: Guid(01ca8575af373324980ad528ddfe0d73) Importer(815301076,1909f56bfc062723c751e8b465ee728b)
Start importing Assets/Handmade Maze/Scripts/A.I Scripting/AIBehaviours.cs using Guid(01ca8575af373324980ad528ddfe0d73) Importer(815301076,1909f56bfc062723c751e8b465ee728b)  -> (artifact id: '4a068c56d2495f55b9c5ee2c58e1f511') in 0.002249 seconds
  Import took 0.004829 seconds .

========================================================================
Received Import Request.
  Time since last request: 37.066870 seconds.
  path: Assets/Handmade Maze/Scripts/A.I Scripting/AIBehaviours.cs
  artifactKey: Guid(01ca8575af373324980ad528ddfe0d73) Importer(815301076,1909f56bfc062723c751e8b465ee728b)
Start importing Assets/Handmade Maze/Scripts/A.I Scripting/AIBehaviours.cs using Guid(01ca8575af373324980ad528ddfe0d73) Importer(815301076,1909f56bfc062723c751e8b465ee728b)  -> (artifact id: '4c42768122b714c510384b2ffadc1c52') in 0.001862 seconds
  Import took 0.036896 seconds .

========================================================================
Received Import Request.
  Time since last request: 0.030013 seconds.
  path: Assets/Handmade Maze/Scripts/A.I Scripting/AIBehaviours.cs
  artifactKey: Guid(01ca8575af373324980ad528ddfe0d73) Importer(815301076,1909f56bfc062723c751e8b465ee728b)
Start importing Assets/Handmade Maze/Scripts/A.I Scripting/AIBehaviours.cs using Guid(01ca8575af373324980ad528ddfe0d73) Importer(815301076,1909f56bfc062723c751e8b465ee728b)  -> (artifact id: '4c42768122b714c510384b2ffadc1c52') in 0.001847 seconds
  Import took 0.004094 seconds .

========================================================================
Received Import Request.
  Time since last request: 343.850200 seconds.
  path: Assets/Handmade Maze/Scripts/A.I Scripting/AIBehaviours.cs
  artifactKey: Guid(01ca8575af373324980ad528ddfe0d73) Importer(815301076,1909f56bfc062723c751e8b465ee728b)
Start importing Assets/Handmade Maze/Scripts/A.I Scripting/AIBehaviours.cs using Guid(01ca8575af373324980ad528ddfe0d73) Importer(815301076,1909f56bfc062723c751e8b465ee728b)  -> (artifact id: '21b13974ed5f4bbd24e214b823b77a96') in 0.002096 seconds
  Import took 0.005853 seconds .

========================================================================
Received Import Request.
  Time since last request: 334.140505 seconds.
  path: Assets/Handmade Maze/Scripts/A.I Scripting/AIBehaviours.cs
  artifactKey: Guid(01ca8575af373324980ad528ddfe0d73) Importer(815301076,1909f56bfc062723c751e8b465ee728b)
Start importing Assets/Handmade Maze/Scripts/A.I Scripting/AIBehaviours.cs using Guid(01ca8575af373324980ad528ddfe0d73) Importer(815301076,1909f56bfc062723c751e8b465ee728b)  -> (artifact id: 'db681a5d126036b3795ddf64c6f9d2bd') in 0.007316 seconds
  Import took 0.010781 seconds .

========================================================================
Received Import Request.
  Time since last request: 208.234060 seconds.
  path: Assets/Handmade Maze/Scripts/A.I Scripting/AIBehaviours.cs
  artifactKey: Guid(01ca8575af373324980ad528ddfe0d73) Importer(815301076,1909f56bfc062723c751e8b465ee728b)
Start importing Assets/Handmade Maze/Scripts/A.I Scripting/AIBehaviours.cs using Guid(01ca8575af373324980ad528ddfe0d73) Importer(815301076,1909f56bfc062723c751e8b465ee728b)  -> (artifact id: '3f010799124e27d429d7f59f727363a3') in 0.001818 seconds
  Import took 0.008626 seconds .

========================================================================
Received Prepare
Setting a NavMeshArea cost less than one can give unexpected results.

Registering precompiled user dll's ...
Registered in 0.000708 seconds.
Begin MonoManager ReloadAssembly
Native extension for LinuxStandalone target not found
Native extension for WindowsStandalone target not found
Native extension for OSXStandalone target not found
Refreshing native plugins compatible for Editor in 0.25 ms, found 0 plugins.
Preloading 0 native plugins for Editor in 0.00 ms.
Warning: Annotation not found!
UnityEngine.StackTraceUtility:ExtractStackTrace ()
UnityEditor.ProBuilder.EditorUtility:SetGizmoIconEnabled (System.Type,bool) (at Library/PackageCache/com.unity.probuilder@4.4.0/Editor/EditorCore/EditorUtility.cs:593)
UnityEditor.ProBuilder.HierarchyListener:.cctor () (at Library/PackageCache/com.unity.probuilder@4.4.0/Editor/EditorCore/HierarchyListener.cs:21)
System.Runtime.CompilerServices.RuntimeHelpers:RunClassConstructor (System.RuntimeTypeHandle)
UnityEditor.EditorAssemblies:ProcessInitializeOnLoadAttributes (System.Type[])

[Library/PackageCache/com.unity.probuilder@4.4.0/Editor/EditorCore/EditorUtility.cs line 593]

Invoked RoslynAnalysisRunner static constructor.
RoslynAnalysisRunner will not be running.
RoslynAnalysisRunner has terminated.
Mono: successfully reloaded assembly
- Completed reload, in  0.782 seconds
Platform modules already initialized, skipping
Refreshing native plugins compatible for Editor in 0.26 ms, found 0 plugins.
Preloading 0 native plugins for Editor in 0.00 ms.
Unloading 1457 Unused Serialized files (Serialized files now loaded: 0)
System memory in use before: 77.1 MB.
System memory in use after: 77.2 MB.

Unloading 4 unused Assets to reduce memory usage. Loaded Objects now: 1958.
Total: 1.858200 ms (FindLiveObjects: 0.152200 ms CreateObjectMapping: 0.048100 ms MarkObjects: 1.641800 ms  DeleteObjects: 0.015200 ms)

========================================================================
Received Prepare
Setting a NavMeshArea cost less than one can give unexpected results.

Registering precompiled user dll's ...
Registered in 0.000722 seconds.
Begin MonoManager ReloadAssembly
Native extension for LinuxStandalone target not found
Native extension for WindowsStandalone target not found
Native extension for OSXStandalone target not found
Refreshing native plugins compatible for Editor in 0.32 ms, found 0 plugins.
Preloading 0 native plugins for Editor in 0.00 ms.
Warning: Annotation not found!
UnityEngine.StackTraceUtility:ExtractStackTrace ()
UnityEditor.ProBuilder.EditorUtility:SetGizmoIconEnabled (System.Type,bool) (at Library/PackageCache/com.unity.probuilder@4.4.0/Editor/EditorCore/EditorUtility.cs:593)
UnityEditor.ProBuilder.HierarchyListener:.cctor () (at Library/PackageCache/com.unity.probuilder@4.4.0/Editor/EditorCore/HierarchyListener.cs:21)
System.Runtime.CompilerServices.RuntimeHelpers:RunClassConstructor (System.RuntimeTypeHandle)
UnityEditor.EditorAssemblies:ProcessInitializeOnLoadAttributes (System.Type[])

[Library/PackageCache/com.unity.probuilder@4.4.0/Editor/EditorCore/EditorUtility.cs line 593]

Invoked RoslynAnalysisRunner static constructor.
RoslynAnalysisRunner will not be running.
RoslynAnalysisRunner has terminated.
Mono: successfully reloaded assembly
- Completed reload, in  0.879 seconds
Platform modules already initialized, skipping
Refreshing native plugins compatible for Editor in 0.27 ms, found 0 plugins.
Preloading 0 native plugins for Editor in 0.00 ms.
Unloading 1457 Unused Serialized files (Serialized files now loaded: 0)
System memory in use before: 77.1 MB.
System memory in use after: 77.2 MB.

Unloading 4 unused Assets to reduce memory usage. Loaded Objects now: 1960.
Total: 2.731100 ms (FindLiveObjects: 0.287400 ms CreateObjectMapping: 0.095000 ms MarkObjects: 2.317500 ms  DeleteObjects: 0.029100 ms)

========================================================================
Received Prepare
Setting a NavMeshArea cost less than one can give unexpected results.

Registering precompiled user dll's ...
Registered in 0.000743 seconds.
Begin MonoManager ReloadAssembly
Native extension for LinuxStandalone target not found
Native extension for WindowsStandalone target not found
Native extension for OSXStandalone target not found
Refreshing native plugins compatible for Editor in 0.34 ms, found 0 plugins.
Preloading 0 native plugins for Editor in 0.00 ms.
Warning: Annotation not found!
UnityEngine.StackTraceUtility:ExtractStackTrace ()
UnityEditor.ProBuilder.EditorUtility:SetGizmoIconEnabled (System.Type,bool) (at Library/PackageCache/com.unity.probuilder@4.4.0/Editor/EditorCore/EditorUtility.cs:593)
UnityEditor.ProBuilder.HierarchyListener:.cctor () (at Library/PackageCache/com.unity.probuilder@4.4.0/Editor/EditorCore/HierarchyListener.cs:21)
System.Runtime.CompilerServices.RuntimeHelpers:RunClassConstructor (System.RuntimeTypeHandle)
UnityEditor.EditorAssemblies:ProcessInitializeOnLoadAttributes (System.Type[])

[Library/PackageCache/com.unity.probuilder@4.4.0/Editor/EditorCore/EditorUtility.cs line 593]

Invoked RoslynAnalysisRunner static constructor.
RoslynAnalysisRunner will not be running.
RoslynAnalysisRunner has terminated.
Mono: successfully reloaded assembly
- Completed reload, in  0.830 seconds
Platform modules already initialized, skipping
Refreshing native plugins compatible for Editor in 0.28 ms, found 0 plugins.
Preloading 0 native plugins for Editor in 0.00 ms.
Unloading 1457 Unused Serialized files (Serialized files now loaded: 0)
System memory in use before: 77.1 MB.
System memory in use after: 77.2 MB.

Unloading 4 unused Assets to reduce memory usage. Loaded Objects now: 1962.
Total: 2.238800 ms (FindLiveObjects: 0.150000 ms CreateObjectMapping: 0.051400 ms MarkObjects: 2.020000 ms  DeleteObjects: 0.015600 ms)

AssetImportWorkerClient::OnTransportError - code=2 error=End of file
